<?xml version="1.0" encoding="UTF-8"?>
<!-- Generated by org.testng.reporters.JUnitReportReporter -->
<testsuite hostname="LAPTOP-KQD2HIRQ" failures="0" tests="2" name="sampleTestNG.IFramesHandlingTestNG" time="35.322" errors="0" timestamp="2022-11-22T13:46:06 IST" skipped="0">
  <testcase classname="sampleTestNG.IFramesHandlingTestNG" name="verifyTheControlIsSwitchedBackToParentFrame" time="17.293"/>
  <system-out/>
  <testcase classname="sampleTestNG.IFramesHandlingTestNG" name="verifyTheWindowIsSwitchedToIFrameOrNot" time="18.029"/>
  <system-out/>
</testsuite> <!-- sampleTestNG.IFramesHandlingTestNG -->
