<?xml version="1.0" encoding="UTF-8"?>
<!-- Generated by org.testng.reporters.JUnitReportReporter -->
<testsuite hostname="LAPTOP-KQD2HIRQ" failures="0" tests="3" name="sampleTestNG.AlertHandlingTestNG" time="23.256" errors="0" timestamp="2022-12-31T00:32:23 IST" skipped="0">
  <testcase classname="sampleTestNG.AlertHandlingTestNG" name="verifyTheAlertIsAcceptedOrNot" time="6.920"/>
  <system-out/>
  <testcase classname="sampleTestNG.AlertHandlingTestNG" name="verifyTheMessageOfTheSecondAlert" time="9.290"/>
  <system-out/>
  <testcase classname="sampleTestNG.AlertHandlingTestNG" name="verifyTheSecondAlertIsDismissedOrNot" time="7.046"/>
  <system-out/>
</testsuite> <!-- sampleTestNG.AlertHandlingTestNG -->
