<?xml version="1.0" encoding="UTF-8"?>
<!-- Generated by org.testng.reporters.JUnitReportReporter -->
<testsuite hostname="LAPTOP-KQD2HIRQ" failures="0" tests="2" name="NewTest" time="0.034" errors="0" timestamp="2022-11-25T15:31:19 IST" skipped="0">
  <testcase classname="NewTest" name="f" time="0.029"/>
  <system-out/>
  <testcase classname="NewTest" name="f" time="0.005"/>
  <system-out/>
</testsuite> <!-- NewTest -->
