<?xml version="1.0" encoding="UTF-8"?>
<!-- Generated by org.testng.reporters.JUnitReportReporter -->
<testsuite hostname="LAPTOP-KQD2HIRQ" failures="0" tests="2" name="sampleTestNG.DependsOnTest" time="0.017" errors="0" timestamp="2023-01-06T01:03:03 IST" skipped="0">
  <testcase classname="sampleTestNG.DependsOnTest" name="signIn" time="0.008"/>
  <system-out/>
  <testcase classname="sampleTestNG.DependsOnTest" name="openBrowser" time="0.009"/>
  <system-out/>
</testsuite> <!-- sampleTestNG.DependsOnTest -->
