<?xml version="1.0" encoding="UTF-8"?>
<!-- Generated by org.testng.reporters.JUnitReportReporter -->
<testsuite hostname="LAPTOP-KQD2HIRQ" failures="0" tests="2" name="sampleTestNG.DataProviderEg" time="0.056" errors="0" timestamp="2022-11-25T15:29:04 IST" skipped="0">
  <testcase classname="sampleTestNG.DataProviderEg" name="f" time="0.031"/>
  <system-out/>
  <testcase classname="sampleTestNG.DataProviderEg" name="f" time="0.025"/>
  <system-out/>
</testsuite> <!-- sampleTestNG.DataProviderEg -->
