<?xml version="1.0" encoding="UTF-8"?>
<!-- Generated by org.testng.reporters.JUnitReportReporter -->
<testsuite hostname="LAPTOP-KQD2HIRQ" failures="0" tests="1" name="ExecuteClasses.ExecuteLoginPage" time="4.591" errors="0" timestamp="2022-11-28T16:47:26 IST" skipped="0">
  <testcase classname="ExecuteClasses.ExecuteLoginPage" name="verifySuccessfulLogin" time="4.591"/>
  <system-out/>
</testsuite> <!-- ExecuteClasses.ExecuteLoginPage -->
