<?xml version="1.0" encoding="UTF-8"?>
<!-- Generated by org.testng.reporters.JUnitReportReporter -->
<testsuite hostname="LAPTOP-KQD2HIRQ" failures="0" tests="2" name="sampleTestNG.AnnotationEgtestNG" time="0.012" errors="0" timestamp="2022-11-26T20:21:45 IST" skipped="0">
  <testcase classname="sampleTestNG.AnnotationEgtestNG" name="testCase2" time="0.005"/>
  <system-out/>
  <testcase classname="sampleTestNG.AnnotationEgtestNG" name="testCase1" time="0.007"/>
  <system-out/>
</testsuite> <!-- sampleTestNG.AnnotationEgtestNG -->
