<?xml version="1.0" encoding="UTF-8"?>
<!-- Generated by org.testng.reporters.JUnitReportReporter -->
<testsuite hostname="LAPTOP-KQD2HIRQ" failures="0" tests="3" name="sampleTestNG.ElementLocatingTestNG" time="18.824" errors="0" timestamp="2022-11-22T12:11:39 IST" skipped="1">
  <testcase classname="sampleTestNG.ElementLocatingTestNG" name="verifyTheMessageIsDisplayedOrNot" time="10.567"/>
  <system-out/>
  <testcase classname="sampleTestNG.ElementLocatingTestNG" name="verifyTheCurrentUrl" time="8.257"/>
  <system-out/>
  <testcase classname="sampleTestNG.ElementLocatingTestNG" name="verifyTheNewYorkTextIsDisplayedOrNot">
    <skipped/>
  </testcase> <!-- verifyTheNewYorkTextIsDisplayedOrNot -->
  <system-out/>
</testsuite> <!-- sampleTestNG.ElementLocatingTestNG -->
