<?xml version="1.0" encoding="UTF-8"?>
<!-- Generated by org.testng.reporters.JUnitReportReporter -->
<testsuite hostname="LAPTOP-KQD2HIRQ" failures="0" tests="1" name="sampleTestNG.DragAndDropTestNG" time="0.405" errors="0" timestamp="2022-11-22T12:40:16 IST" skipped="0">
  <testcase classname="sampleTestNG.DragAndDropTestNG" name="verifyTheDragAndDropIsPerformedOrNot" time="0.405"/>
  <system-out/>
</testsuite> <!-- sampleTestNG.DragAndDropTestNG -->
