<?xml version="1.0" encoding="UTF-8"?>
<!-- Generated by org.testng.reporters.JUnitReportReporter -->
<testsuite hostname="LAPTOP-KQD2HIRQ" failures="0" tests="3" name="sampleTestNG.DropDownTestNG" time="3.677" errors="0" timestamp="2022-11-24T17:08:40 IST" skipped="0">
  <testcase classname="sampleTestNG.DropDownTestNG" name="verifyTheDropDownValueIsSelectedByValueOrNot" time="1.441"/>
  <system-out/>
  <testcase classname="sampleTestNG.DropDownTestNG" name="verifyTheDropDownValueIsSelectedByVisibleTextOrNot" time="0.736"/>
  <system-out/>
  <testcase classname="sampleTestNG.DropDownTestNG" name="verifyTheDropDownValueIsSelelectedByIndexOrNot" time="1.500"/>
  <system-out/>
</testsuite> <!-- sampleTestNG.DropDownTestNG -->
