<?xml version="1.0" encoding="UTF-8"?>
<!-- Generated by org.testng.reporters.JUnitReportReporter -->
<testsuite hostname="LAPTOP-KQD2HIRQ" failures="0" tests="2" name="sampleTestNG.testNGBasicProgram" time="0.051" errors="0" timestamp="2022-11-21T16:58:50 IST" skipped="0">
  <testcase classname="sampleTestNG.testNGBasicProgram" name="testCase2" time="0.029"/>
  <system-out/>
  <testcase classname="sampleTestNG.testNGBasicProgram" name="testCase1" time="0.022"/>
  <system-out/>
</testsuite> <!-- sampleTestNG.testNGBasicProgram -->
