<?xml version="1.0" encoding="UTF-8"?>
<!-- Generated by org.testng.reporters.JUnitReportReporter -->
<testsuite hostname="LAPTOP-KQD2HIRQ" failures="0" tests="2" name="sampleTestNG.FirstTestNGProgram" time="46.193" errors="0" timestamp="2022-11-21T17:18:30 IST" skipped="0">
  <testcase classname="sampleTestNG.FirstTestNGProgram" name="verifyTheMessageIsDisplayedOrNot" time="18.070"/>
  <system-out/>
  <testcase classname="sampleTestNG.FirstTestNGProgram" name="verifyTheCurrentUrl" time="28.123"/>
  <system-out/>
</testsuite> <!-- sampleTestNG.FirstTestNGProgram -->
