<?xml version="1.0" encoding="UTF-8"?>
<!-- Generated by org.testng.reporters.JUnitReportReporter -->
<testsuite hostname="LAPTOP-KQD2HIRQ" failures="0" tests="3" name="sampleTestNG.ParallelTest1" time="0.014" errors="0" timestamp="2023-01-06T01:03:03 IST" skipped="0">
  <testcase classname="sampleTestNG.ParallelTest1" name="testa" time="0.009"/>
  <system-out/>
  <testcase classname="sampleTestNG.ParallelTest1" name="testb" time="0.002"/>
  <system-out/>
  <testcase classname="sampleTestNG.ParallelTest1" name="testc" time="0.003"/>
  <system-out/>
</testsuite> <!-- sampleTestNG.ParallelTest1 -->
