<?xml version="1.0" encoding="UTF-8"?>
<!-- Generated by org.testng.reporters.JUnitReportReporter -->
<testsuite hostname="LAPTOP-KQD2HIRQ" failures="0" tests="1" name="sampleTestNG.ExplicitWaitTestNG" time="0.270" errors="0" timestamp="2022-11-22T12:58:47 IST" skipped="0">
  <testcase classname="sampleTestNG.ExplicitWaitTestNG" name="verifyWhetherExplicitWaitIsAppliedOrNot" time="0.270"/>
  <system-out/>
</testsuite> <!-- sampleTestNG.ExplicitWaitTestNG -->
