<?xml version="1.0" encoding="UTF-8"?>
<!-- Generated by org.testng.reporters.JUnitReportReporter -->
<testsuite hostname="LAPTOP-KQD2HIRQ" failures="0" tests="1" name="ExecuteClasses.ExecuteLoginPage" time="7.141" errors="0" timestamp="2022-12-27T11:30:00 IST" skipped="0">
  <testcase classname="ExecuteClasses.ExecuteLoginPage" name="verifySuccessfulLogin" time="7.141"/>
  <system-out/>
</testsuite> <!-- ExecuteClasses.ExecuteLoginPage -->
