<?xml version="1.0" encoding="UTF-8"?>
<!-- Generated by org.testng.reporters.JUnitReportReporter -->
<testsuite hostname="LAPTOP-KQD2HIRQ" failures="0" tests="3" name="sampleTestNG.AlertHandlingTestNG" time="30.717" errors="0" timestamp="2022-11-25T13:17:20 IST" skipped="0">
  <testcase classname="sampleTestNG.AlertHandlingTestNG" name="verifyTheAlertIsAcceptedOrNot" time="9.874"/>
  <system-out/>
  <testcase classname="sampleTestNG.AlertHandlingTestNG" name="verifyTheMessageOfTheSecondAlert" time="11.580"/>
  <system-out/>
  <testcase classname="sampleTestNG.AlertHandlingTestNG" name="verifyTheSecondAlertIsDismissedOrNot" time="9.263"/>
  <system-out/>
</testsuite> <!-- sampleTestNG.AlertHandlingTestNG -->
