<?xml version="1.0" encoding="UTF-8"?>
<!-- Generated by org.testng.reporters.JUnitReportReporter -->
<testsuite hostname="LAPTOP-KQD2HIRQ" failures="0" tests="1" name="sampleTestNG.FileUploadingRobotClass" time="0.235" errors="0" timestamp="2022-11-22T13:31:09 IST" skipped="0">
  <testcase classname="sampleTestNG.FileUploadingRobotClass" name="verifyWhetherFileUploadingIsSuccessOrNot" time="0.235"/>
  <system-out/>
</testsuite> <!-- sampleTestNG.FileUploadingRobotClass -->
