<?xml version="1.0" encoding="UTF-8"?>
<!-- Generated by org.testng.reporters.JUnitReportReporter -->
<testsuite hostname="LAPTOP-KQD2HIRQ" failures="0" tests="1" name="sampleTestNG.AssertionEg" time="8.064" errors="0" timestamp="2022-12-05T20:30:13 IST" skipped="0">
  <testcase classname="sampleTestNG.AssertionEg" name="verifyTheDriverIsNullOrNot2" time="8.064"/>
  <system-out/>
</testsuite> <!-- sampleTestNG.AssertionEg -->
