<?xml version="1.0" encoding="UTF-8"?>
<!-- Generated by org.testng.reporters.JUnitReportReporter -->
<testsuite hostname="LAPTOP-KQD2HIRQ" failures="0" tests="1" name="sampleTestNG.FileUploadingSendKeysTestNG" time="22.519" errors="0" timestamp="2022-11-22T13:09:06 IST" skipped="0">
  <testcase classname="sampleTestNG.FileUploadingSendKeysTestNG" name="verifyFileUploadingIsSuccessOrNot" time="22.519"/>
  <system-out/>
</testsuite> <!-- sampleTestNG.FileUploadingSendKeysTestNG -->
